{"C:\\Users\\Orzu_Mirzaev\\OneDrive - EPAM\\Documents\\Learning And Development\\e2e-testing\\index.js": {"path":"C:\\Users\\Orzu_Mirzaev\\OneDrive - EPAM\\Documents\\Learning And Development\\e2e-testing\\index.js","statementMap":{"0":{"start":{"line":1,"column":16},"end":{"line":1,"column":34}},"1":{"start":{"line":2,"column":13},"end":{"line":2,"column":28}},"2":{"start":{"line":3,"column":15},"end":{"line":3,"column":32}},"3":{"start":{"line":4,"column":15},"end":{"line":4,"column":43}},"4":{"start":{"line":6,"column":22},"end":{"line":22,"column":1}},"5":{"start":{"line":7,"column":14},"end":{"line":7,"column":23}},"6":{"start":{"line":10,"column":2},"end":{"line":10,"column":18}},"7":{"start":{"line":11,"column":2},"end":{"line":11,"column":25}},"8":{"start":{"line":14,"column":2},"end":{"line":14,"column":51}},"9":{"start":{"line":17,"column":2},"end":{"line":17,"column":26}},"10":{"start":{"line":19,"column":2},"end":{"line":19,"column":23}},"11":{"start":{"line":21,"column":2},"end":{"line":21,"column":13}},"12":{"start":{"line":24,"column":12},"end":{"line":24,"column":27}},"13":{"start":{"line":25,"column":0},"end":{"line":25,"column":21}}},"fnMap":{"0":{"name":"(anonymous_0)","decl":{"start":{"line":6,"column":22},"end":{"line":6,"column":23}},"loc":{"start":{"line":6,"column":28},"end":{"line":22,"column":1}},"line":6}},"branchMap":{},"s":{"0":1,"1":1,"2":1,"3":1,"4":1,"5":1,"6":1,"7":1,"8":1,"9":1,"10":1,"11":1,"12":1,"13":1},"f":{"0":1},"b":{},"_coverageSchema":"1a1c01bbd47fc00a2c39e90264f33305004495a9","hash":"fe3cfb11d4a46cd675bf1273c6359ba594fd36dd"}
,"C:\\Users\\Orzu_Mirzaev\\OneDrive - EPAM\\Documents\\Learning And Development\\e2e-testing\\controllers\\RecipesController.js": {"path":"C:\\Users\\Orzu_Mirzaev\\OneDrive - EPAM\\Documents\\Learning And Development\\e2e-testing\\controllers\\RecipesController.js","statementMap":{"0":{"start":{"line":1,"column":16},"end":{"line":1,"column":55}},"1":{"start":{"line":3,"column":26},"end":{"line":171,"column":1}},"2":{"start":{"line":6,"column":4},"end":{"line":18,"column":5}},"3":{"start":{"line":7,"column":22},"end":{"line":7,"column":48}},"4":{"start":{"line":9,"column":6},"end":{"line":12,"column":9}},"5":{"start":{"line":14,"column":6},"end":{"line":17,"column":9}},"6":{"start":{"line":23,"column":4},"end":{"line":70,"column":5}},"7":{"start":{"line":27,"column":10},"end":{"line":27,"column":18}},"8":{"start":{"line":30,"column":6},"end":{"line":35,"column":7}},"9":{"start":{"line":31,"column":8},"end":{"line":34,"column":11}},"10":{"start":{"line":37,"column":6},"end":{"line":42,"column":7}},"11":{"start":{"line":38,"column":8},"end":{"line":41,"column":11}},"12":{"start":{"line":45,"column":6},"end":{"line":50,"column":7}},"13":{"start":{"line":46,"column":8},"end":{"line":49,"column":11}},"14":{"start":{"line":52,"column":28},"end":{"line":56,"column":7}},"15":{"start":{"line":59,"column":22},"end":{"line":59,"column":62}},"16":{"start":{"line":61,"column":6},"end":{"line":64,"column":9}},"17":{"start":{"line":66,"column":6},"end":{"line":69,"column":9}},"18":{"start":{"line":75,"column":4},"end":{"line":96,"column":5}},"19":{"start":{"line":76,"column":21},"end":{"line":76,"column":31}},"20":{"start":{"line":79,"column":22},"end":{"line":79,"column":49}},"21":{"start":{"line":80,"column":6},"end":{"line":85,"column":7}},"22":{"start":{"line":81,"column":8},"end":{"line":84,"column":11}},"23":{"start":{"line":87,"column":6},"end":{"line":90,"column":9}},"24":{"start":{"line":92,"column":6},"end":{"line":95,"column":9}},"25":{"start":{"line":101,"column":4},"end":{"line":148,"column":5}},"26":{"start":{"line":103,"column":6},"end":{"line":108,"column":7}},"27":{"start":{"line":104,"column":8},"end":{"line":107,"column":11}},"28":{"start":{"line":111,"column":6},"end":{"line":116,"column":7}},"29":{"start":{"line":112,"column":8},"end":{"line":115,"column":11}},"30":{"start":{"line":118,"column":6},"end":{"line":123,"column":7}},"31":{"start":{"line":119,"column":8},"end":{"line":122,"column":11}},"32":{"start":{"line":125,"column":21},"end":{"line":125,"column":31}},"33":{"start":{"line":128,"column":26},"end":{"line":128,"column":53}},"34":{"start":{"line":129,"column":6},"end":{"line":134,"column":7}},"35":{"start":{"line":130,"column":8},"end":{"line":133,"column":11}},"36":{"start":{"line":136,"column":28},"end":{"line":136,"column":36}},"37":{"start":{"line":138,"column":22},"end":{"line":138,"column":73}},"38":{"start":{"line":139,"column":6},"end":{"line":142,"column":9}},"39":{"start":{"line":144,"column":6},"end":{"line":147,"column":9}},"40":{"start":{"line":153,"column":4},"end":{"line":169,"column":5}},"41":{"start":{"line":155,"column":21},"end":{"line":155,"column":31}},"42":{"start":{"line":158,"column":6},"end":{"line":158,"column":43}},"43":{"start":{"line":160,"column":6},"end":{"line":163,"column":9}},"44":{"start":{"line":165,"column":6},"end":{"line":168,"column":9}},"45":{"start":{"line":173,"column":0},"end":{"line":173,"column":35}}},"fnMap":{"0":{"name":"(anonymous_0)","decl":{"start":{"line":5,"column":10},"end":{"line":5,"column":11}},"loc":{"start":{"line":5,"column":30},"end":{"line":19,"column":3}},"line":5},"1":{"name":"(anonymous_1)","decl":{"start":{"line":22,"column":10},"end":{"line":22,"column":11}},"loc":{"start":{"line":22,"column":30},"end":{"line":71,"column":3}},"line":22},"2":{"name":"(anonymous_2)","decl":{"start":{"line":74,"column":10},"end":{"line":74,"column":11}},"loc":{"start":{"line":74,"column":30},"end":{"line":97,"column":3}},"line":74},"3":{"name":"(anonymous_3)","decl":{"start":{"line":100,"column":10},"end":{"line":100,"column":11}},"loc":{"start":{"line":100,"column":30},"end":{"line":149,"column":3}},"line":100},"4":{"name":"(anonymous_4)","decl":{"start":{"line":152,"column":10},"end":{"line":152,"column":11}},"loc":{"start":{"line":152,"column":30},"end":{"line":170,"column":3}},"line":152}},"branchMap":{"0":{"loc":{"start":{"line":30,"column":6},"end":{"line":35,"column":7}},"type":"if","locations":[{"start":{"line":30,"column":6},"end":{"line":35,"column":7}},{"start":{},"end":{}}],"line":30},"1":{"loc":{"start":{"line":37,"column":6},"end":{"line":42,"column":7}},"type":"if","locations":[{"start":{"line":37,"column":6},"end":{"line":42,"column":7}},{"start":{},"end":{}}],"line":37},"2":{"loc":{"start":{"line":45,"column":6},"end":{"line":50,"column":7}},"type":"if","locations":[{"start":{"line":45,"column":6},"end":{"line":50,"column":7}},{"start":{},"end":{}}],"line":45},"3":{"loc":{"start":{"line":45,"column":10},"end":{"line":45,"column":83}},"type":"binary-expr","locations":[{"start":{"line":45,"column":11},"end":{"line":45,"column":41}},{"start":{"line":45,"column":47},"end":{"line":45,"column":62}},{"start":{"line":45,"column":68},"end":{"line":45,"column":82}}],"line":45},"4":{"loc":{"start":{"line":80,"column":6},"end":{"line":85,"column":7}},"type":"if","locations":[{"start":{"line":80,"column":6},"end":{"line":85,"column":7}},{"start":{},"end":{}}],"line":80},"5":{"loc":{"start":{"line":103,"column":6},"end":{"line":108,"column":7}},"type":"if","locations":[{"start":{"line":103,"column":6},"end":{"line":108,"column":7}},{"start":{},"end":{}}],"line":103},"6":{"loc":{"start":{"line":111,"column":6},"end":{"line":116,"column":7}},"type":"if","locations":[{"start":{"line":111,"column":6},"end":{"line":116,"column":7}},{"start":{},"end":{}}],"line":111},"7":{"loc":{"start":{"line":111,"column":10},"end":{"line":111,"column":137}},"type":"binary-expr","locations":[{"start":{"line":111,"column":11},"end":{"line":111,"column":30}},{"start":{"line":111,"column":37},"end":{"line":111,"column":76}},{"start":{"line":111,"column":82},"end":{"line":111,"column":106}},{"start":{"line":111,"column":112},"end":{"line":111,"column":135}}],"line":111},"8":{"loc":{"start":{"line":118,"column":6},"end":{"line":123,"column":7}},"type":"if","locations":[{"start":{"line":118,"column":6},"end":{"line":123,"column":7}},{"start":{},"end":{}}],"line":118},"9":{"loc":{"start":{"line":118,"column":10},"end":{"line":118,"column":77}},"type":"binary-expr","locations":[{"start":{"line":118,"column":11},"end":{"line":118,"column":30}},{"start":{"line":118,"column":36},"end":{"line":118,"column":76}}],"line":118},"10":{"loc":{"start":{"line":129,"column":6},"end":{"line":134,"column":7}},"type":"if","locations":[{"start":{"line":129,"column":6},"end":{"line":134,"column":7}},{"start":{},"end":{}}],"line":129}},"s":{"0":1,"1":1,"2":2,"3":2,"4":1,"5":1,"6":5,"7":5,"8":5,"9":1,"10":4,"11":1,"12":3,"13":1,"14":2,"15":2,"16":1,"17":1,"18":3,"19":3,"20":3,"21":2,"22":1,"23":1,"24":1,"25":8,"26":8,"27":1,"28":7,"29":3,"30":4,"31":1,"32":3,"33":3,"34":3,"35":1,"36":2,"37":2,"38":1,"39":1,"40":2,"41":2,"42":2,"43":1,"44":1,"45":1},"f":{"0":2,"1":5,"2":3,"3":8,"4":2},"b":{"0":[1,4],"1":[1,3],"2":[1,2],"3":[3,2,2],"4":[1,1],"5":[1,7],"6":[3,4],"7":[7,3,2,1],"8":[1,3],"9":[4,1],"10":[1,2]},"_coverageSchema":"1a1c01bbd47fc00a2c39e90264f33305004495a9","hash":"d9d531eabf00ff7a1ea3bf96afeaf29d44135557"}
,"C:\\Users\\Orzu_Mirzaev\\OneDrive - EPAM\\Documents\\Learning And Development\\e2e-testing\\controllers\\UsersController.js": {"path":"C:\\Users\\Orzu_Mirzaev\\OneDrive - EPAM\\Documents\\Learning And Development\\e2e-testing\\controllers\\UsersController.js","statementMap":{"0":{"start":{"line":1,"column":15},"end":{"line":1,"column":32}},"1":{"start":{"line":2,"column":12},"end":{"line":2,"column":35}},"2":{"start":{"line":4,"column":13},"end":{"line":4,"column":50}},"3":{"start":{"line":6,"column":31},"end":{"line":6,"column":116}},"4":{"start":{"line":8,"column":24},"end":{"line":54,"column":1}},"5":{"start":{"line":11,"column":4},"end":{"line":52,"column":5}},"6":{"start":{"line":12,"column":6},"end":{"line":17,"column":7}},"7":{"start":{"line":13,"column":8},"end":{"line":16,"column":11}},"8":{"start":{"line":19,"column":23},"end":{"line":19,"column":67}},"9":{"start":{"line":20,"column":6},"end":{"line":25,"column":7}},"10":{"start":{"line":21,"column":8},"end":{"line":24,"column":11}},"11":{"start":{"line":27,"column":30},"end":{"line":27,"column":88}},"12":{"start":{"line":28,"column":6},"end":{"line":33,"column":7}},"13":{"start":{"line":29,"column":8},"end":{"line":32,"column":11}},"14":{"start":{"line":35,"column":26},"end":{"line":39,"column":7}},"15":{"start":{"line":41,"column":26},"end":{"line":41,"column":49}},"16":{"start":{"line":42,"column":6},"end":{"line":46,"column":9}},"17":{"start":{"line":48,"column":6},"end":{"line":51,"column":9}},"18":{"start":{"line":56,"column":0},"end":{"line":56,"column":33}}},"fnMap":{"0":{"name":"generateToken","decl":{"start":{"line":6,"column":9},"end":{"line":6,"column":22}},"loc":{"start":{"line":6,"column":29},"end":{"line":6,"column":118}},"line":6},"1":{"name":"(anonymous_1)","decl":{"start":{"line":10,"column":9},"end":{"line":10,"column":10}},"loc":{"start":{"line":10,"column":29},"end":{"line":53,"column":3}},"line":10}},"branchMap":{"0":{"loc":{"start":{"line":12,"column":6},"end":{"line":17,"column":7}},"type":"if","locations":[{"start":{"line":12,"column":6},"end":{"line":17,"column":7}},{"start":{},"end":{}}],"line":12},"1":{"loc":{"start":{"line":12,"column":10},"end":{"line":12,"column":50}},"type":"binary-expr","locations":[{"start":{"line":12,"column":10},"end":{"line":12,"column":28}},{"start":{"line":12,"column":32},"end":{"line":12,"column":50}}],"line":12},"2":{"loc":{"start":{"line":20,"column":6},"end":{"line":25,"column":7}},"type":"if","locations":[{"start":{"line":20,"column":6},"end":{"line":25,"column":7}},{"start":{},"end":{}}],"line":20},"3":{"loc":{"start":{"line":28,"column":6},"end":{"line":33,"column":7}},"type":"if","locations":[{"start":{"line":28,"column":6},"end":{"line":33,"column":7}},{"start":{},"end":{}}],"line":28}},"s":{"0":1,"1":1,"2":1,"3":1,"4":1,"5":6,"6":6,"7":2,"8":4,"9":3,"10":1,"11":2,"12":2,"13":1,"14":1,"15":1,"16":1,"17":1,"18":1},"f":{"0":1,"1":6},"b":{"0":[2,4],"1":[6,6],"2":[1,2],"3":[1,1]},"_coverageSchema":"1a1c01bbd47fc00a2c39e90264f33305004495a9","hash":"5583b29ee6f97c96f71c84359a74f330f8f50072"}
,"C:\\Users\\Orzu_Mirzaev\\OneDrive - EPAM\\Documents\\Learning And Development\\e2e-testing\\database\\dbConection.js": {"path":"C:\\Users\\Orzu_Mirzaev\\OneDrive - EPAM\\Documents\\Learning And Development\\e2e-testing\\database\\dbConection.js","statementMap":{"0":{"start":{"line":1,"column":17},"end":{"line":1,"column":36}},"1":{"start":{"line":2,"column":0},"end":{"line":2,"column":27}},"2":{"start":{"line":5,"column":0},"end":{"line":8,"column":2}},"3":{"start":{"line":15,"column":0},"end":{"line":15,"column":26}}},"fnMap":{},"branchMap":{},"s":{"0":1,"1":1,"2":1,"3":1},"f":{},"b":{},"_coverageSchema":"1a1c01bbd47fc00a2c39e90264f33305004495a9","hash":"b5d8c3926691b181d7d0e9d11e6d7fcdec35d8d8"}
,"C:\\Users\\Orzu_Mirzaev\\OneDrive - EPAM\\Documents\\Learning And Development\\e2e-testing\\database\\models\\recipes.js": {"path":"C:\\Users\\Orzu_Mirzaev\\OneDrive - EPAM\\Documents\\Learning And Development\\e2e-testing\\database\\models\\recipes.js","statementMap":{"0":{"start":{"line":1,"column":17},"end":{"line":1,"column":42}},"1":{"start":{"line":3,"column":19},"end":{"line":3,"column":27}},"2":{"start":{"line":5,"column":22},"end":{"line":25,"column":2}},"3":{"start":{"line":28,"column":0},"end":{"line":28,"column":41}},"4":{"start":{"line":31,"column":0},"end":{"line":31,"column":43}}},"fnMap":{},"branchMap":{},"s":{"0":1,"1":1,"2":1,"3":1,"4":1},"f":{},"b":{},"_coverageSchema":"1a1c01bbd47fc00a2c39e90264f33305004495a9","hash":"70f0534518ab80feceaa2cf1b7d39244f462cd50"}
,"C:\\Users\\Orzu_Mirzaev\\OneDrive - EPAM\\Documents\\Learning And Development\\e2e-testing\\database\\models\\users.js": {"path":"C:\\Users\\Orzu_Mirzaev\\OneDrive - EPAM\\Documents\\Learning And Development\\e2e-testing\\database\\models\\users.js","statementMap":{"0":{"start":{"line":1,"column":17},"end":{"line":1,"column":42}},"1":{"start":{"line":3,"column":19},"end":{"line":3,"column":27}},"2":{"start":{"line":5,"column":19},"end":{"line":15,"column":2}},"3":{"start":{"line":18,"column":0},"end":{"line":18,"column":36}},"4":{"start":{"line":21,"column":0},"end":{"line":21,"column":41}}},"fnMap":{},"branchMap":{},"s":{"0":1,"1":1,"2":1,"3":1,"4":1},"f":{},"b":{},"_coverageSchema":"1a1c01bbd47fc00a2c39e90264f33305004495a9","hash":"cd350fa799bb3f1734faefaa64ad31b058b4a1ff"}
,"C:\\Users\\Orzu_Mirzaev\\OneDrive - EPAM\\Documents\\Learning And Development\\e2e-testing\\database\\services\\recipes.js": {"path":"C:\\Users\\Orzu_Mirzaev\\OneDrive - EPAM\\Documents\\Learning And Development\\e2e-testing\\database\\services\\recipes.js","statementMap":{"0":{"start":{"line":1,"column":16},"end":{"line":1,"column":44}},"1":{"start":{"line":3,"column":21},"end":{"line":29,"column":1}},"2":{"start":{"line":6,"column":21},"end":{"line":6,"column":56}},"3":{"start":{"line":7,"column":4},"end":{"line":7,"column":20}},"4":{"start":{"line":11,"column":21},"end":{"line":11,"column":41}},"5":{"start":{"line":12,"column":4},"end":{"line":12,"column":20}},"6":{"start":{"line":16,"column":21},"end":{"line":16,"column":47}},"7":{"start":{"line":17,"column":4},"end":{"line":17,"column":20}},"8":{"start":{"line":21,"column":21},"end":{"line":21,"column":96}},"9":{"start":{"line":22,"column":4},"end":{"line":22,"column":20}},"10":{"start":{"line":26,"column":21},"end":{"line":26,"column":56}},"11":{"start":{"line":27,"column":4},"end":{"line":27,"column":20}},"12":{"start":{"line":31,"column":0},"end":{"line":31,"column":30}}},"fnMap":{"0":{"name":"(anonymous_0)","decl":{"start":{"line":5,"column":15},"end":{"line":5,"column":16}},"loc":{"start":{"line":5,"column":40},"end":{"line":8,"column":3}},"line":5},"1":{"name":"(anonymous_1)","decl":{"start":{"line":10,"column":14},"end":{"line":10,"column":15}},"loc":{"start":{"line":10,"column":26},"end":{"line":13,"column":3}},"line":10},"2":{"name":"(anonymous_2)","decl":{"start":{"line":15,"column":13},"end":{"line":15,"column":14}},"loc":{"start":{"line":15,"column":27},"end":{"line":18,"column":3}},"line":15},"3":{"name":"(anonymous_3)","decl":{"start":{"line":20,"column":22},"end":{"line":20,"column":23}},"loc":{"start":{"line":20,"column":51},"end":{"line":23,"column":3}},"line":20},"4":{"name":"(anonymous_4)","decl":{"start":{"line":25,"column":22},"end":{"line":25,"column":23}},"loc":{"start":{"line":25,"column":36},"end":{"line":28,"column":3}},"line":25}},"branchMap":{},"s":{"0":1,"1":1,"2":1,"3":1,"4":1,"5":1,"6":5,"7":5,"8":1,"9":1,"10":1,"11":1,"12":1},"f":{"0":1,"1":1,"2":5,"3":1,"4":1},"b":{},"_coverageSchema":"1a1c01bbd47fc00a2c39e90264f33305004495a9","hash":"1da5205b25dc4d8d01378aacabd73d2cc7e18be8"}
,"C:\\Users\\Orzu_Mirzaev\\OneDrive - EPAM\\Documents\\Learning And Development\\e2e-testing\\database\\services\\users.js": {"path":"C:\\Users\\Orzu_Mirzaev\\OneDrive - EPAM\\Documents\\Learning And Development\\e2e-testing\\database\\services\\users.js","statementMap":{"0":{"start":{"line":1,"column":13},"end":{"line":1,"column":39}},"1":{"start":{"line":3,"column":18},"end":{"line":11,"column":1}},"2":{"start":{"line":5,"column":17},"end":{"line":5,"column":49}},"3":{"start":{"line":6,"column":4},"end":{"line":8,"column":5}},"4":{"start":{"line":7,"column":6},"end":{"line":7,"column":19}},"5":{"start":{"line":9,"column":4},"end":{"line":9,"column":16}},"6":{"start":{"line":13,"column":0},"end":{"line":13,"column":27}}},"fnMap":{"0":{"name":"(anonymous_0)","decl":{"start":{"line":4,"column":18},"end":{"line":4,"column":19}},"loc":{"start":{"line":4,"column":38},"end":{"line":10,"column":3}},"line":4}},"branchMap":{"0":{"loc":{"start":{"line":6,"column":4},"end":{"line":8,"column":5}},"type":"if","locations":[{"start":{"line":6,"column":4},"end":{"line":8,"column":5}},{"start":{},"end":{}}],"line":6}},"s":{"0":1,"1":1,"2":3,"3":3,"4":1,"5":2,"6":1},"f":{"0":3},"b":{"0":[1,2]},"_coverageSchema":"1a1c01bbd47fc00a2c39e90264f33305004495a9","hash":"02a6d96f10b0977edb14543d0611e1c7d878f1bf"}
,"C:\\Users\\Orzu_Mirzaev\\OneDrive - EPAM\\Documents\\Learning And Development\\e2e-testing\\routes\\authenticateToken.js": {"path":"C:\\Users\\Orzu_Mirzaev\\OneDrive - EPAM\\Documents\\Learning And Development\\e2e-testing\\routes\\authenticateToken.js","statementMap":{"0":{"start":{"line":2,"column":12},"end":{"line":2,"column":35}},"1":{"start":{"line":5,"column":21},"end":{"line":5,"column":46}},"2":{"start":{"line":6,"column":16},"end":{"line":6,"column":54}},"3":{"start":{"line":8,"column":2},"end":{"line":16,"column":5}},"4":{"start":{"line":9,"column":4},"end":{"line":13,"column":5}},"5":{"start":{"line":10,"column":6},"end":{"line":12,"column":9}},"6":{"start":{"line":14,"column":4},"end":{"line":14,"column":22}},"7":{"start":{"line":15,"column":4},"end":{"line":15,"column":11}},"8":{"start":{"line":18,"column":0},"end":{"line":18,"column":35}}},"fnMap":{"0":{"name":"authenticateToken","decl":{"start":{"line":4,"column":9},"end":{"line":4,"column":26}},"loc":{"start":{"line":4,"column":43},"end":{"line":17,"column":1}},"line":4},"1":{"name":"(anonymous_1)","decl":{"start":{"line":8,"column":53},"end":{"line":8,"column":54}},"loc":{"start":{"line":8,"column":70},"end":{"line":16,"column":3}},"line":8}},"branchMap":{"0":{"loc":{"start":{"line":6,"column":16},"end":{"line":6,"column":54}},"type":"binary-expr","locations":[{"start":{"line":6,"column":16},"end":{"line":6,"column":26}},{"start":{"line":6,"column":30},"end":{"line":6,"column":54}}],"line":6},"1":{"loc":{"start":{"line":9,"column":4},"end":{"line":13,"column":5}},"type":"if","locations":[{"start":{"line":9,"column":4},"end":{"line":13,"column":5}},{"start":{},"end":{}}],"line":9}},"s":{"0":1,"1":18,"2":18,"3":18,"4":18,"5":3,"6":15,"7":15,"8":1},"f":{"0":18,"1":18},"b":{"0":[18,18],"1":[3,15]},"_coverageSchema":"1a1c01bbd47fc00a2c39e90264f33305004495a9","hash":"4e458be71a7215f1bc8cdadf0d038186a2f802bc"}
,"C:\\Users\\Orzu_Mirzaev\\OneDrive - EPAM\\Documents\\Learning And Development\\e2e-testing\\routes\\index.js": {"path":"C:\\Users\\Orzu_Mirzaev\\OneDrive - EPAM\\Documents\\Learning And Development\\e2e-testing\\routes\\index.js","statementMap":{"0":{"start":{"line":1,"column":16},"end":{"line":1,"column":34}},"1":{"start":{"line":3,"column":15},"end":{"line":3,"column":31}},"2":{"start":{"line":5,"column":26},"end":{"line":5,"column":56}},"3":{"start":{"line":6,"column":26},"end":{"line":6,"column":69}},"4":{"start":{"line":7,"column":23},"end":{"line":7,"column":64}},"5":{"start":{"line":10,"column":0},"end":{"line":10,"column":44}},"6":{"start":{"line":13,"column":0},"end":{"line":13,"column":69}},"7":{"start":{"line":14,"column":0},"end":{"line":14,"column":50}},"8":{"start":{"line":15,"column":0},"end":{"line":15,"column":53}},"9":{"start":{"line":16,"column":0},"end":{"line":16,"column":74}},"10":{"start":{"line":17,"column":0},"end":{"line":17,"column":75}},"11":{"start":{"line":19,"column":0},"end":{"line":19,"column":24}}},"fnMap":{},"branchMap":{},"s":{"0":1,"1":1,"2":1,"3":1,"4":1,"5":1,"6":1,"7":1,"8":1,"9":1,"10":1,"11":1},"f":{},"b":{},"_coverageSchema":"1a1c01bbd47fc00a2c39e90264f33305004495a9","hash":"b71926ba55f21b9932b8bceb5f3b3ae4b802f53d"}
}
