TN:
SF:index.js
FN:6,(anonymous_0)
FNF:1
FNH:1
FNDA:1,(anonymous_0)
DA:1,1
DA:2,1
DA:3,1
DA:4,1
DA:6,1
DA:7,1
DA:10,1
DA:11,1
DA:14,1
DA:17,1
DA:19,1
DA:21,1
DA:24,1
DA:25,1
LF:14
LH:14
BRF:0
BRH:0
end_of_record
TN:
SF:controllers\RecipesController.js
FN:5,(anonymous_0)
FN:22,(anonymous_1)
FN:74,(anonymous_2)
FN:100,(anonymous_3)
FN:152,(anonymous_4)
FNF:5
FNH:5
FNDA:2,(anonymous_0)
FNDA:5,(anonymous_1)
FNDA:3,(anonymous_2)
FNDA:8,(anonymous_3)
FNDA:2,(anonymous_4)
DA:1,1
DA:3,1
DA:6,2
DA:7,2
DA:9,1
DA:14,1
DA:23,5
DA:27,5
DA:30,5
DA:31,1
DA:37,4
DA:38,1
DA:45,3
DA:46,1
DA:52,2
DA:59,2
DA:61,1
DA:66,1
DA:75,3
DA:76,3
DA:79,3
DA:80,2
DA:81,1
DA:87,1
DA:92,1
DA:101,8
DA:103,8
DA:104,1
DA:111,7
DA:112,3
DA:118,4
DA:119,1
DA:125,3
DA:128,3
DA:129,3
DA:130,1
DA:136,2
DA:138,2
DA:139,1
DA:144,1
DA:153,2
DA:155,2
DA:158,2
DA:160,1
DA:165,1
DA:173,1
LF:46
LH:46
BRDA:30,0,0,1
BRDA:30,0,1,4
BRDA:37,1,0,1
BRDA:37,1,1,3
BRDA:45,2,0,1
BRDA:45,2,1,2
BRDA:45,3,0,3
BRDA:45,3,1,2
BRDA:45,3,2,2
BRDA:80,4,0,1
BRDA:80,4,1,1
BRDA:103,5,0,1
BRDA:103,5,1,7
BRDA:111,6,0,3
BRDA:111,6,1,4
BRDA:111,7,0,7
BRDA:111,7,1,3
BRDA:111,7,2,2
BRDA:111,7,3,1
BRDA:118,8,0,1
BRDA:118,8,1,3
BRDA:118,9,0,4
BRDA:118,9,1,1
BRDA:129,10,0,1
BRDA:129,10,1,2
BRF:25
BRH:25
end_of_record
TN:
SF:controllers\UsersController.js
FN:6,generateToken
FN:10,(anonymous_1)
FNF:2
FNH:2
FNDA:1,generateToken
FNDA:6,(anonymous_1)
DA:1,1
DA:2,1
DA:4,1
DA:6,1
DA:8,1
DA:11,6
DA:12,6
DA:13,2
DA:19,4
DA:20,3
DA:21,1
DA:27,2
DA:28,2
DA:29,1
DA:35,1
DA:41,1
DA:42,1
DA:48,1
DA:56,1
LF:19
LH:19
BRDA:12,0,0,2
BRDA:12,0,1,4
BRDA:12,1,0,6
BRDA:12,1,1,6
BRDA:20,2,0,1
BRDA:20,2,1,2
BRDA:28,3,0,1
BRDA:28,3,1,1
BRF:8
BRH:8
end_of_record
TN:
SF:database\dbConection.js
FNF:0
FNH:0
DA:1,1
DA:2,1
DA:5,1
DA:15,1
LF:4
LH:4
BRF:0
BRH:0
end_of_record
TN:
SF:database\models\recipes.js
FNF:0
FNH:0
DA:1,1
DA:3,1
DA:5,1
DA:28,1
DA:31,1
LF:5
LH:5
BRF:0
BRH:0
end_of_record
TN:
SF:database\models\users.js
FNF:0
FNH:0
DA:1,1
DA:3,1
DA:5,1
DA:18,1
DA:21,1
LF:5
LH:5
BRF:0
BRH:0
end_of_record
TN:
SF:database\services\recipes.js
FN:5,(anonymous_0)
FN:10,(anonymous_1)
FN:15,(anonymous_2)
FN:20,(anonymous_3)
FN:25,(anonymous_4)
FNF:5
FNH:5
FNDA:1,(anonymous_0)
FNDA:1,(anonymous_1)
FNDA:5,(anonymous_2)
FNDA:1,(anonymous_3)
FNDA:1,(anonymous_4)
DA:1,1
DA:3,1
DA:6,1
DA:7,1
DA:11,1
DA:12,1
DA:16,5
DA:17,5
DA:21,1
DA:22,1
DA:26,1
DA:27,1
DA:31,1
LF:13
LH:13
BRF:0
BRH:0
end_of_record
TN:
SF:database\services\users.js
FN:4,(anonymous_0)
FNF:1
FNH:1
FNDA:3,(anonymous_0)
DA:1,1
DA:3,1
DA:5,3
DA:6,3
DA:7,1
DA:9,2
DA:13,1
LF:7
LH:7
BRDA:6,0,0,1
BRDA:6,0,1,2
BRF:2
BRH:2
end_of_record
TN:
SF:routes\authenticateToken.js
FN:4,authenticateToken
FN:8,(anonymous_1)
FNF:2
FNH:2
FNDA:18,authenticateToken
FNDA:18,(anonymous_1)
DA:2,1
DA:5,18
DA:6,18
DA:8,18
DA:9,18
DA:10,3
DA:14,15
DA:15,15
DA:18,1
LF:9
LH:9
BRDA:6,0,0,18
BRDA:6,0,1,18
BRDA:9,1,0,3
BRDA:9,1,1,15
BRF:4
BRH:4
end_of_record
TN:
SF:routes\index.js
FNF:0
FNH:0
DA:1,1
DA:3,1
DA:5,1
DA:6,1
DA:7,1
DA:10,1
DA:13,1
DA:14,1
DA:15,1
DA:16,1
DA:17,1
DA:19,1
LF:12
LH:12
BRF:0
BRH:0
end_of_record
